# Logfile created on 2014-01-03 21:31:17 +0000 by logger.rb/31641
I, [2014-01-03T21:31:17.653052 #6212]  INFO -- : 0:  RedCloth (4.2.9) from c:/bin/Ruby193/lib/ruby/gems/1.9.1/specifications/RedCloth-4.2.9-x86-mingw32.gemspec
I, [2014-01-03T21:31:17.655052 #6212]  INFO -- : 0:  blankslate (2.1.2.4) from c:/bin/Ruby193/lib/ruby/gems/1.9.1/specifications/blankslate-2.1.2.4.gemspec
I, [2014-01-03T21:31:17.657053 #6212]  INFO -- : 0:  fast-stemmer (1.0.2) from c:/bin/Ruby193/lib/ruby/gems/1.9.1/specifications/fast-stemmer-1.0.2.gemspec
I, [2014-01-03T21:31:18.800118 #6212]  INFO -- : 0:  classifier (1.3.4) from c:/bin/Ruby193/lib/ruby/gems/1.9.1/specifications/classifier-1.3.4.gemspec
I, [2014-01-03T21:31:18.801118 #6212]  INFO -- : 0:  colorator (0.1) from c:/bin/Ruby193/lib/ruby/gems/1.9.1/specifications/colorator-0.1.gemspec
I, [2014-01-03T21:31:18.803118 #6212]  INFO -- : 0:  highline (1.6.20) from c:/bin/Ruby193/lib/ruby/gems/1.9.1/specifications/highline-1.6.20.gemspec
I, [2014-01-03T21:31:18.804118 #6212]  INFO -- : 0:  commander (4.1.5) from c:/bin/Ruby193/lib/ruby/gems/1.9.1/specifications/commander-4.1.5.gemspec
I, [2014-01-03T21:31:18.805118 #6212]  INFO -- : 0:  ffi (1.9.3) from c:/bin/Ruby193/lib/ruby/gems/1.9.1/specifications/ffi-1.9.3-x86-mingw32.gemspec
I, [2014-01-03T21:31:18.807118 #6212]  INFO -- : 0:  liquid (2.5.4) from c:/bin/Ruby193/lib/ruby/gems/1.9.1/specifications/liquid-2.5.4.gemspec
I, [2014-01-03T21:31:20.520216 #6212]  INFO -- : 0:  rb-fsevent (0.9.4) from c:/bin/Ruby193/lib/ruby/gems/1.9.1/specifications/rb-fsevent-0.9.4.gemspec
I, [2014-01-03T21:31:20.522216 #6212]  INFO -- : 0:  rb-inotify (0.9.3) from c:/bin/Ruby193/lib/ruby/gems/1.9.1/specifications/rb-inotify-0.9.3.gemspec
I, [2014-01-03T21:31:20.523216 #6212]  INFO -- : 0:  rb-kqueue (0.2.0) from c:/bin/Ruby193/lib/ruby/gems/1.9.1/specifications/rb-kqueue-0.2.0.gemspec
I, [2014-01-03T21:31:20.524217 #6212]  INFO -- : 0:  listen (1.3.1) from c:/bin/Ruby193/lib/ruby/gems/1.9.1/specifications/listen-1.3.1.gemspec
I, [2014-01-03T21:31:20.526217 #6212]  INFO -- : 0:  maruku (0.7.0) from c:/bin/Ruby193/lib/ruby/gems/1.9.1/specifications/maruku-0.7.0.gemspec
I, [2014-01-03T21:31:20.527217 #6212]  INFO -- : 0:  posix-spawn (0.3.8) from c:/bin/Ruby193/lib/ruby/gems/1.9.1/specifications/posix-spawn-0.3.8.gemspec
I, [2014-01-03T21:31:20.528217 #6212]  INFO -- : 0:  yajl-ruby (1.1.0) from c:/bin/Ruby193/lib/ruby/gems/1.9.1/specifications/yajl-ruby-1.1.0-x86-mingw32.gemspec
I, [2014-01-03T21:31:27.432612 #6212]  INFO -- : 0:  pygments.rb (0.5.4) from c:/bin/Ruby193/lib/ruby/gems/1.9.1/specifications/pygments.rb-0.5.4.gemspec
I, [2014-01-03T21:31:27.433612 #6212]  INFO -- : 0:  redcarpet (2.3.0) from c:/bin/Ruby193/lib/ruby/gems/1.9.1/specifications/redcarpet-2.3.0.gemspec
I, [2014-01-03T21:31:27.435612 #6212]  INFO -- : 0:  safe_yaml (0.9.7) from c:/bin/Ruby193/lib/ruby/gems/1.9.1/specifications/safe_yaml-0.9.7.gemspec
I, [2014-01-03T21:31:27.436612 #6212]  INFO -- : 0:  parslet (1.5.0) from c:/bin/Ruby193/lib/ruby/gems/1.9.1/specifications/parslet-1.5.0.gemspec
I, [2014-01-03T21:31:27.437612 #6212]  INFO -- : 0:  toml (0.1.0) from c:/bin/Ruby193/lib/ruby/gems/1.9.1/specifications/toml-0.1.0.gemspec
I, [2014-01-03T21:31:27.439612 #6212]  INFO -- : 0:  jekyll (1.4.2) from c:/bin/Ruby193/lib/ruby/gems/1.9.1/specifications/jekyll-1.4.2.gemspec
I, [2014-01-03T21:31:27.440612 #6212]  INFO -- : 0:  kramdown (1.2.0) from c:/bin/Ruby193/lib/ruby/gems/1.9.1/specifications/kramdown-1.2.0.gemspec
I, [2014-01-03T21:31:27.441612 #6212]  INFO -- : 0:  rdiscount (2.1.7) from c:/bin/Ruby193/lib/ruby/gems/1.9.1/specifications/rdiscount-2.1.7.gemspec
I, [2014-01-03T21:31:27.443612 #6212]  INFO -- : 0:  github-pages (12) from c:/bin/Ruby193/lib/ruby/gems/1.9.1/specifications/github-pages-12.gemspec
I, [2014-01-03T21:31:27.444612 #6212]  INFO -- : 0:  bundler (1.5.1) from c:/bin/Ruby193/lib/ruby/gems/1.9.1/specifications/bundler-1.5.1.gemspec
